# JRE version: OpenJDK Runtime Environment Temurin-21.0.8+9 (21.0.8+9) (build 21.0.8+9-LTS)
# Java VM: OpenJDK 64-Bit Server VM Temurin-21.0.8+9 (21.0.8+9-LTS, mixed mode, sharing, tiered, compressed oops, compressed class ptrs, parallel gc, windows-amd64)
GC Precious Log:
 CardTable entry size: 512
 CPUs: 16 total, 16 available
 Memory: 5996M
 Large Page Support: Disabled
 NUMA Support: Disabled
 Compressed Oops: Enabled (32-bit)
 Alignments: Space 512K, Generation 512K, Heap 2M
 Heap Min Capacity: 100M
 Heap Initial Capacity: 100M
 Heap Max Capacity: 2G
 Pre-touch: Disabled
 Parallel Workers: 13
Heap:
 PSYoungGen      total 22016K, used 14301K [0x00000000d5580000, 0x00000000d6c80000, 0x0000000100000000)
  eden space 20480K, 62% used [0x00000000d5580000,0x00000000d6203438,0x00000000d6980000)
  from space 1536K, 96% used [0x00000000d6a00000,0x00000000d6b74030,0x00000000d6b80000)
  to   space 1024K, 0% used [0x00000000d6b80000,0x00000000d6b80000,0x00000000d6c80000)
 ParOldGen       total 68608K, used 30648K [0x0000000080000000, 0x0000000084300000, 0x00000000d5580000)
  object space 68608K, 44% used [0x0000000080000000,0x0000000081dee308,0x0000000084300000)
 Metaspace       used 42831K, committed 43840K, reserved 1114112K
  class space    used 4311K, committed 4736K, reserved 1048576K
GC Heap History (20 events):
Event: 14.486 GC heap before
{Heap before GC invocations=16 (full 1):
 PSYoungGen      total 23040K, used 22756K [0x00000000d5580000, 0x00000000d6f00000, 0x0000000100000000)
  eden space 20480K, 100% used [0x00000000d5580000,0x00000000d6980000,0x00000000d6980000)
  from space 2560K, 88% used [0x00000000d6c80000,0x00000000d6eb9000,0x00000000d6f00000)
  to   space 2560K, 0% used [0x00000000d6980000,0x00000000d6980000,0x00000000d6c00000)
 ParOldGen       total 68608K, used 21994K [0x0000000080000000, 0x0000000084300000, 0x00000000d5580000)
  object space 68608K, 32% used [0x0000000080000000,0x000000008157a888,0x0000000084300000)
 Metaspace       used 32929K, committed 33984K, reserved 1114112K
  class space    used 3363K, committed 3840K, reserved 1048576K
}
Event: 14.490 GC heap after
{Heap after GC invocations=16 (full 1):
 PSYoungGen      total 23040K, used 2048K [0x00000000d5580000, 0x00000000d6e80000, 0x0000000100000000)
  eden space 20480K, 0% used [0x00000000d5580000,0x00000000d5580000,0x00000000d6980000)
  from space 2560K, 80% used [0x00000000d6980000,0x00000000d6b80000,0x00000000d6c00000)
  to   space 2560K, 0% used [0x00000000d6c00000,0x00000000d6c00000,0x00000000d6e80000)
 ParOldGen       total 68608K, used 24064K [0x0000000080000000, 0x0000000084300000, 0x00000000d5580000)
  object space 68608K, 35% used [0x0000000080000000,0x00000000817803c0,0x0000000084300000)
 Metaspace       used 32929K, committed 33984K, reserved 1114112K
  class space    used 3363K, committed 3840K, reserved 1048576K
}
Event: 14.563 GC heap before
{Heap before GC invocations=17 (full 1):
 PSYoungGen      total 23040K, used 22528K [0x00000000d5580000, 0x00000000d6e80000, 0x0000000100000000)
  eden space 20480K, 100% used [0x00000000d5580000,0x00000000d6980000,0x00000000d6980000)
  from space 2560K, 80% used [0x00000000d6980000,0x00000000d6b80000,0x00000000d6c00000)
  to   space 2560K, 0% used [0x00000000d6c00000,0x00000000d6c00000,0x00000000d6e80000)
 ParOldGen       total 68608K, used 24064K [0x0000000080000000, 0x0000000084300000, 0x00000000d5580000)
  object space 68608K, 35% used [0x0000000080000000,0x00000000817803c0,0x0000000084300000)
 Metaspace       used 33076K, committed 34112K, reserved 1114112K
  class space    used 3365K, committed 3840K, reserved 1048576K
}
Event: 14.566 GC heap after
{Heap after GC invocations=17 (full 1):
 PSYoungGen      total 23040K, used 2304K [0x00000000d5580000, 0x00000000d6e80000, 0x0000000100000000)
  eden space 20480K, 0% used [0x00000000d5580000,0x00000000d5580000,0x00000000d6980000)
  from space 2560K, 90% used [0x00000000d6c00000,0x00000000d6e40010,0x00000000d6e80000)
  to   space 2560K, 0% used [0x00000000d6980000,0x00000000d6980000,0x00000000d6c00000)
 ParOldGen       total 68608K, used 25872K [0x0000000080000000, 0x0000000084300000, 0x00000000d5580000)
  object space 68608K, 37% used [0x0000000080000000,0x00000000819443c0,0x0000000084300000)
 Metaspace       used 33076K, committed 34112K, reserved 1114112K
  class space    used 3365K, committed 3840K, reserved 1048576K
}
Event: 14.625 GC heap before
{Heap before GC invocations=18 (full 1):
 PSYoungGen      total 23040K, used 22784K [0x00000000d5580000, 0x00000000d6e80000, 0x0000000100000000)
  eden space 20480K, 100% used [0x00000000d5580000,0x00000000d6980000,0x00000000d6980000)
  from space 2560K, 90% used [0x00000000d6c00000,0x00000000d6e40010,0x00000000d6e80000)
  to   space 2560K, 0% used [0x00000000d6980000,0x00000000d6980000,0x00000000d6c00000)
 ParOldGen       total 68608K, used 25872K [0x0000000080000000, 0x0000000084300000, 0x00000000d5580000)
  object space 68608K, 37% used [0x0000000080000000,0x00000000819443c0,0x0000000084300000)
 Metaspace       used 33201K, committed 34240K, reserved 1114112K
  class space    used 3366K, committed 3840K, reserved 1048576K
}
Event: 14.629 GC heap after
{Heap after GC invocations=18 (full 1):
 PSYoungGen      total 23040K, used 2072K [0x00000000d5580000, 0x00000000d6e80000, 0x0000000100000000)
  eden space 20480K, 0% used [0x00000000d5580000,0x00000000d5580000,0x00000000d6980000)
  from space 2560K, 80% used [0x00000000d6980000,0x00000000d6b86200,0x00000000d6c00000)
  to   space 2560K, 0% used [0x00000000d6c00000,0x00000000d6c00000,0x00000000d6e80000)
 ParOldGen       total 68608K, used 27984K [0x0000000080000000, 0x0000000084300000, 0x00000000d5580000)
  object space 68608K, 40% used [0x0000000080000000,0x0000000081b543d0,0x0000000084300000)
 Metaspace       used 33201K, committed 34240K, reserved 1114112K
  class space    used 3366K, committed 3840K, reserved 1048576K
}
Event: 14.757 GC heap before
{Heap before GC invocations=19 (full 1):
 PSYoungGen      total 23040K, used 21076K [0x00000000d5580000, 0x00000000d6e80000, 0x0000000100000000)
  eden space 20480K, 92% used [0x00000000d5580000,0x00000000d680f1a0,0x00000000d6980000)
  from space 2560K, 80% used [0x00000000d6980000,0x00000000d6b86200,0x00000000d6c00000)
  to   space 2560K, 0% used [0x00000000d6c00000,0x00000000d6c00000,0x00000000d6e80000)
 ParOldGen       total 68608K, used 27984K [0x0000000080000000, 0x0000000084300000, 0x00000000d5580000)
  object space 68608K, 40% used [0x0000000080000000,0x0000000081b543d0,0x0000000084300000)
 Metaspace       used 34830K, committed 35840K, reserved 1114112K
  class space    used 3524K, committed 3968K, reserved 1048576K
}
Event: 14.760 GC heap after
{Heap after GC invocations=19 (full 1):
 PSYoungGen      total 22016K, used 1344K [0x00000000d5580000, 0x00000000d6d80000, 0x0000000100000000)
  eden space 20480K, 0% used [0x00000000d5580000,0x00000000d5580000,0x00000000d6980000)
  from space 1536K, 87% used [0x00000000d6c00000,0x00000000d6d500c0,0x00000000d6d80000)
  to   space 2048K, 0% used [0x00000000d6980000,0x00000000d6980000,0x00000000d6b80000)
 ParOldGen       total 68608K, used 29865K [0x0000000080000000, 0x0000000084300000, 0x00000000d5580000)
  object space 68608K, 43% used [0x0000000080000000,0x0000000081d2a5d0,0x0000000084300000)
 Metaspace       used 34830K, committed 35840K, reserved 1114112K
  class space    used 3524K, committed 3968K, reserved 1048576K
}
Event: 14.760 GC heap before
{Heap before GC invocations=20 (full 2):
 PSYoungGen      total 22016K, used 1344K [0x00000000d5580000, 0x00000000d6d80000, 0x0000000100000000)
  eden space 20480K, 0% used [0x00000000d5580000,0x00000000d5580000,0x00000000d6980000)
  from space 1536K, 87% used [0x00000000d6c00000,0x00000000d6d500c0,0x00000000d6d80000)
  to   space 2048K, 0% used [0x00000000d6980000,0x00000000d6980000,0x00000000d6b80000)
 ParOldGen       total 68608K, used 29865K [0x0000000080000000, 0x0000000084300000, 0x00000000d5580000)
  object space 68608K, 43% used [0x0000000080000000,0x0000000081d2a5d0,0x0000000084300000)
 Metaspace       used 34830K, committed 35840K, reserved 1114112K
  class space    used 3524K, committed 3968K, reserved 1048576K
}
Event: 14.811 GC heap after
{Heap after GC invocations=20 (full 2):
 PSYoungGen      total 22016K, used 0K [0x00000000d5580000, 0x00000000d6d80000, 0x0000000100000000)
  eden space 20480K, 0% used [0x00000000d5580000,0x00000000d5580000,0x00000000d6980000)
  from space 1536K, 0% used [0x00000000d6c00000,0x00000000d6c00000,0x00000000d6d80000)
  to   space 2048K, 0% used [0x00000000d6980000,0x00000000d6980000,0x00000000d6b80000)
 ParOldGen       total 68608K, used 28424K [0x0000000080000000, 0x0000000084300000, 0x00000000d5580000)
  object space 68608K, 41% used [0x0000000080000000,0x0000000081bc2338,0x0000000084300000)
 Metaspace       used 34631K, committed 35840K, reserved 1114112K
  class space    used 3468K, committed 3968K, reserved 1048576K
}
Event: 15.276 GC heap before
{Heap before GC invocations=21 (full 2):
 PSYoungGen      total 22016K, used 20480K [0x00000000d5580000, 0x00000000d6d80000, 0x0000000100000000)
  eden space 20480K, 100% used [0x00000000d5580000,0x00000000d6980000,0x00000000d6980000)
  from space 1536K, 0% used [0x00000000d6c00000,0x00000000d6c00000,0x00000000d6d80000)
  to   space 2048K, 0% used [0x00000000d6980000,0x00000000d6980000,0x00000000d6b80000)
 ParOldGen       total 68608K, used 28424K [0x0000000080000000, 0x0000000084300000, 0x00000000d5580000)
  object space 68608K, 41% used [0x0000000080000000,0x0000000081bc2338,0x0000000084300000)
 Metaspace       used 36482K, committed 37376K, reserved 1114112K
  class space    used 3695K, committed 4096K, reserved 1048576K
}
Event: 15.278 GC heap after
{Heap after GC invocations=21 (full 2):
 PSYoungGen      total 21504K, used 999K [0x00000000d5580000, 0x00000000d6c80000, 0x0000000100000000)
  eden space 20480K, 0% used [0x00000000d5580000,0x00000000d5580000,0x00000000d6980000)
  from space 1024K, 97% used [0x00000000d6980000,0x00000000d6a79f30,0x00000000d6a80000)
  to   space 1536K, 0% used [0x00000000d6b00000,0x00000000d6b00000,0x00000000d6c80000)
 ParOldGen       total 68608K, used 28432K [0x0000000080000000, 0x0000000084300000, 0x00000000d5580000)
  object space 68608K, 41% used [0x0000000080000000,0x0000000081bc4338,0x0000000084300000)
 Metaspace       used 36482K, committed 37376K, reserved 1114112K
  class space    used 3695K, committed 4096K, reserved 1048576K
}
Event: 15.784 GC heap before
{Heap before GC invocations=22 (full 2):
 PSYoungGen      total 21504K, used 21427K [0x00000000d5580000, 0x00000000d6c80000, 0x0000000100000000)
  eden space 20480K, 99% used [0x00000000d5580000,0x00000000d6972f40,0x00000000d6980000)
  from space 1024K, 97% used [0x00000000d6980000,0x00000000d6a79f30,0x00000000d6a80000)
  to   space 1536K, 0% used [0x00000000d6b00000,0x00000000d6b00000,0x00000000d6c80000)
 ParOldGen       total 68608K, used 28432K [0x0000000080000000, 0x0000000084300000, 0x00000000d5580000)
  object space 68608K, 41% used [0x0000000080000000,0x0000000081bc4338,0x0000000084300000)
 Metaspace       used 38026K, committed 38976K, reserved 1114112K
  class space    used 3854K, committed 4288K, reserved 1048576K
}
Event: 15.786 GC heap after
{Heap after GC invocations=22 (full 2):
 PSYoungGen      total 21504K, used 663K [0x00000000d5580000, 0x00000000d6c00000, 0x0000000100000000)
  eden space 20480K, 0% used [0x00000000d5580000,0x00000000d5580000,0x00000000d6980000)
  from space 1024K, 64% used [0x00000000d6b00000,0x00000000d6ba5d80,0x00000000d6c00000)
  to   space 1024K, 0% used [0x00000000d6980000,0x00000000d6980000,0x00000000d6a80000)
 ParOldGen       total 68608K, used 29144K [0x0000000080000000, 0x0000000084300000, 0x00000000d5580000)
  object space 68608K, 42% used [0x0000000080000000,0x0000000081c76270,0x0000000084300000)
 Metaspace       used 38026K, committed 38976K, reserved 1114112K
  class space    used 3854K, committed 4288K, reserved 1048576K
}
Event: 15.875 GC heap before
{Heap before GC invocations=23 (full 2):
 PSYoungGen      total 21504K, used 21120K [0x00000000d5580000, 0x00000000d6c00000, 0x0000000100000000)
  eden space 20480K, 99% used [0x00000000d5580000,0x00000000d697a2a0,0x00000000d6980000)
  from space 1024K, 64% used [0x00000000d6b00000,0x00000000d6ba5d80,0x00000000d6c00000)
  to   space 1024K, 0% used [0x00000000d6980000,0x00000000d6980000,0x00000000d6a80000)
 ParOldGen       total 68608K, used 29144K [0x0000000080000000, 0x0000000084300000, 0x00000000d5580000)
  object space 68608K, 42% used [0x0000000080000000,0x0000000081c76270,0x0000000084300000)
 Metaspace       used 38756K, committed 39680K, reserved 1114112K
  class space    used 3913K, committed 4352K, reserved 1048576K
}
Event: 15.879 GC heap after
{Heap after GC invocations=23 (full 2):
 PSYoungGen      total 21504K, used 998K [0x00000000d5580000, 0x00000000d6d80000, 0x0000000100000000)
  eden space 20480K, 0% used [0x00000000d5580000,0x00000000d5580000,0x00000000d6980000)
  from space 1024K, 97% used [0x00000000d6980000,0x00000000d6a79958,0x00000000d6a80000)
  to   space 2048K, 0% used [0x00000000d6b80000,0x00000000d6b80000,0x00000000d6d80000)
 ParOldGen       total 68608K, used 29695K [0x0000000080000000, 0x0000000084300000, 0x00000000d5580000)
  object space 68608K, 43% used [0x0000000080000000,0x0000000081cffc28,0x0000000084300000)
 Metaspace       used 38756K, committed 39680K, reserved 1114112K
  class space    used 3913K, committed 4352K, reserved 1048576K
}
Event: 15.939 GC heap before
{Heap before GC invocations=24 (full 2):
 PSYoungGen      total 21504K, used 21478K [0x00000000d5580000, 0x00000000d6d80000, 0x0000000100000000)
  eden space 20480K, 100% used [0x00000000d5580000,0x00000000d6980000,0x00000000d6980000)
  from space 1024K, 97% used [0x00000000d6980000,0x00000000d6a79958,0x00000000d6a80000)
  to   space 2048K, 0% used [0x00000000d6b80000,0x00000000d6b80000,0x00000000d6d80000)
 ParOldGen       total 68608K, used 29695K [0x0000000080000000, 0x0000000084300000, 0x00000000d5580000)
  object space 68608K, 43% used [0x0000000080000000,0x0000000081cffc28,0x0000000084300000)
 Metaspace       used 38837K, committed 39744K, reserved 1114112K
  class space    used 3917K, committed 4352K, reserved 1048576K
}
Event: 15.941 GC heap after
{Heap after GC invocations=24 (full 2):
 PSYoungGen      total 22016K, used 1420K [0x00000000d5580000, 0x00000000d6d00000, 0x0000000100000000)
  eden space 20480K, 0% used [0x00000000d5580000,0x00000000d5580000,0x00000000d6980000)
  from space 1536K, 92% used [0x00000000d6b80000,0x00000000d6ce3088,0x00000000d6d00000)
  to   space 1536K, 0% used [0x00000000d6a00000,0x00000000d6a00000,0x00000000d6b80000)
 ParOldGen       total 68608K, used 30544K [0x0000000080000000, 0x0000000084300000, 0x00000000d5580000)
  object space 68608K, 44% used [0x0000000080000000,0x0000000081dd4308,0x0000000084300000)
 Metaspace       used 38837K, committed 39744K, reserved 1114112K
  class space    used 3917K, committed 4352K, reserved 1048576K
}
Event: 16.641 GC heap before
{Heap before GC invocations=25 (full 2):
 PSYoungGen      total 22016K, used 21900K [0x00000000d5580000, 0x00000000d6d00000, 0x0000000100000000)
  eden space 20480K, 100% used [0x00000000d5580000,0x00000000d6980000,0x00000000d6980000)
  from space 1536K, 92% used [0x00000000d6b80000,0x00000000d6ce3088,0x00000000d6d00000)
  to   space 1536K, 0% used [0x00000000d6a00000,0x00000000d6a00000,0x00000000d6b80000)
 ParOldGen       total 68608K, used 30544K [0x0000000080000000, 0x0000000084300000, 0x00000000d5580000)
  object space 68608K, 44% used [0x0000000080000000,0x0000000081dd4308,0x0000000084300000)
 Metaspace       used 41761K, committed 42688K, reserved 1114112K
  class space    used 4177K, committed 4608K, reserved 1048576K
}
Event: 16.643 GC heap after
{Heap after GC invocations=25 (full 2):
 PSYoungGen      total 22016K, used 1488K [0x00000000d5580000, 0x00000000d6c80000, 0x0000000100000000)
  eden space 20480K, 0% used [0x00000000d5580000,0x00000000d5580000,0x00000000d6980000)
  from space 1536K, 96% used [0x00000000d6a00000,0x00000000d6b74030,0x00000000d6b80000)
  to   space 1024K, 0% used [0x00000000d6b80000,0x00000000d6b80000,0x00000000d6c80000)
 ParOldGen       total 68608K, used 30648K [0x0000000080000000, 0x0000000084300000, 0x00000000d5580000)
  object space 68608K, 44% used [0x0000000080000000,0x0000000081dee308,0x0000000084300000)
 Metaspace       used 41761K, committed 42688K, reserved 1114112K
  class space    used 4177K, committed 4608K, reserved 1048576K
}

